2020-07-05 06:35:35,741 : INFO : first_logger : PasswordAuth:root	admin

2020-07-05 06:53:52,671 : INFO : first_logger : PasswordAuth:root	admin

2020-07-05 06:54:43,863 : INFO : first_logger : PasswordAuth:ubuntu	hellothere

2020-07-05 06:54:48,662 : INFO : first_logger : PasswordAuth:ubuntu	hellothere2

2020-07-05 06:54:52,350 : INFO : first_logger : PasswordAuth:ubuntu	hellothere3

2020-07-05 06:56:01,701 : INFO : first_logger : PasswordAuth:root	admin

2020-07-05 07:01:23,087 : INFO : first_logger : PasswordAuth:root	admin

2020-07-05 07:04:50,365 : INFO : first_logger : PasswordAuth:root	admin

2020-07-05 07:08:11,656 : INFO : first_logger : PasswordAuth:root	admin

2020-07-05 07:10:02,148 : INFO : first_logger : PasswordAuth:zus	zus

2020-07-05 07:10:53,666 : INFO : first_logger : PasswordAuth:root	admin

2020-07-05 07:14:10,083 : INFO : first_logger : PasswordAuth:root	admin

2020-07-05 07:16:38,622 : INFO : first_logger : PasswordAuth:root	senha123

2020-07-05 07:18:37,150 : INFO : first_logger : PasswordAuth:root	admin

2020-07-05 07:21:35,067 : INFO : first_logger : PasswordAuth:root	albert

2020-07-05 08:10:40,968 : INFO : first_logger : PasswordAuth:support	support

2020-07-05 08:11:22,232 : INFO : first_logger : PasswordAuth:jiaxing	jiaxing123

2020-07-05 08:11:31,413 : INFO : first_logger : PasswordAuth:root	admin

2020-07-05 08:13:55,391 : INFO : first_logger : PasswordAuth:testing	123456

2020-07-05 08:14:09,529 : INFO : first_logger : PasswordAuth:root	admin

2020-07-05 08:14:36,003 : INFO : first_logger : PasswordAuth:tes	tes

2020-07-05 08:16:56,746 : INFO : first_logger : PasswordAuth:hw	hw

2020-07-05 08:19:07,634 : INFO : first_logger : PasswordAuth:root	admin

2020-07-05 08:19:10,942 : INFO : first_logger : PasswordAuth:root	0908

2020-07-05 08:19:36,078 : INFO : first_logger : PasswordAuth:root	1q2w3e4r!@

2020-07-05 08:22:17,953 : INFO : first_logger : PasswordAuth:root	admin

2020-07-05 08:22:20,381 : INFO : first_logger : PasswordAuth:support	support

2020-07-05 08:23:49,546 : INFO : first_logger : PasswordAuth:root	wocloud

2020-07-05 08:26:28,260 : INFO : first_logger : PasswordAuth:root	admin

2020-07-05 08:29:00,090 : INFO : first_logger : PasswordAuth:root	admin

2020-07-05 08:29:18,070 : INFO : first_logger : PasswordAuth:root	admin

2020-07-05 08:33:10,681 : INFO : first_logger : PasswordAuth:root	admin

2020-07-05 08:36:29,687 : INFO : first_logger : PasswordAuth:root	admin

2020-07-05 08:40:55,621 : INFO : first_logger : PasswordAuth:root	admin

2020-07-05 08:43:20,072 : INFO : first_logger : PasswordAuth:root	admin

2020-07-05 08:47:00,954 : INFO : first_logger : PasswordAuth:root	admin

2020-07-05 08:48:54,525 : INFO : first_logger : PasswordAuth:support	support

2020-07-05 08:52:12,130 : INFO : first_logger : PasswordAuth:root	admin

2020-07-05 08:54:34,288 : INFO : first_logger : PasswordAuth:root	admin

2020-07-05 08:57:38,625 : INFO : first_logger : PasswordAuth:root	admin

2020-07-05 09:01:25,885 : INFO : first_logger : PasswordAuth:root	admin

2020-07-05 09:05:11,147 : INFO : first_logger : PasswordAuth:root	admin

2020-07-05 09:08:02,060 : INFO : first_logger : PasswordAuth:andy	1

2020-07-05 09:10:18,343 : INFO : first_logger : PasswordAuth:root	admin

2020-07-05 09:10:21,112 : INFO : first_logger : PasswordAuth:Liebert	Liebert

2020-07-05 09:12:17,143 : INFO : first_logger : PasswordAuth:www-data	password123

2020-07-05 09:13:44,497 : INFO : first_logger : PasswordAuth:root	admin

2020-07-05 09:16:30,898 : INFO : first_logger : PasswordAuth:support	support

2020-07-05 09:17:14,182 : INFO : first_logger : PasswordAuth:root	admin

2020-07-05 09:17:26,018 : INFO : first_logger : PasswordAuth:root	aqwxsz1A

2020-07-05 09:21:43,071 : INFO : first_logger : PasswordAuth:rock	rock

2020-07-05 09:23:14,665 : INFO : first_logger : PasswordAuth:root	admin

2020-07-05 09:25:12,277 : INFO : first_logger : PasswordAuth:root	admin

2020-07-05 09:26:45,565 : INFO : first_logger : PasswordAuth:unifi	unifi

2020-07-05 09:28:38,450 : INFO : first_logger : PasswordAuth:root	admin

2020-07-05 09:29:46,016 : INFO : first_logger : PasswordAuth:git	12345678

2020-07-05 09:30:11,022 : INFO : first_logger : PasswordAuth:ankesh	ankesh123

2020-07-05 09:31:47,552 : INFO : first_logger : PasswordAuth:root	aqwxsz1A

2020-07-05 09:33:07,919 : INFO : first_logger : PasswordAuth:root	admin

2020-07-05 09:35:13,618 : INFO : first_logger : PasswordAuth:root	admin

2020-07-05 09:36:26,237 : INFO : first_logger : PasswordAuth:root	admin

2020-07-05 13:54:11,237 : INFO : first_logger : PasswordAuth:root	admin

2020-07-05 13:57:30,258 : INFO : first_logger : PasswordAuth:root	admin

2020-07-05 14:01:04,325 : INFO : first_logger : PasswordAuth:root	admin

2020-07-05 14:06:19,351 : INFO : first_logger : PasswordAuth:root	admin

2020-07-05 14:08:37,369 : INFO : first_logger : PasswordAuth:root	admin

2020-07-05 14:13:54,563 : INFO : first_logger : PasswordAuth:root	admin

2020-07-05 14:16:22,768 : INFO : first_logger : PasswordAuth:root	admin

2020-07-05 14:20:07,992 : INFO : first_logger : PasswordAuth:root	admin

2020-07-05 14:21:45,582 : INFO : first_logger : PasswordAuth:root	admin

2020-07-05 14:25:23,903 : INFO : first_logger : PasswordAuth:root	admin

2020-07-05 14:28:26,402 : INFO : first_logger : PasswordAuth:root	admin

2020-07-05 14:32:00,033 : INFO : first_logger : PasswordAuth:support	support

2020-07-05 14:32:03,417 : INFO : first_logger : PasswordAuth:root	admin

2020-07-05 14:35:17,704 : INFO : first_logger : PasswordAuth:root	admin

2020-07-05 14:38:51,605 : INFO : first_logger : PasswordAuth:root	admin

2020-07-05 14:43:06,387 : INFO : first_logger : PasswordAuth:root	admin

2020-07-05 14:47:10,203 : INFO : first_logger : PasswordAuth:root	admin

2020-07-05 14:48:38,639 : INFO : first_logger : PasswordAuth:product	product

2020-07-05 14:50:28,166 : INFO : first_logger : PasswordAuth:root	admin

2020-07-05 14:52:44,991 : INFO : first_logger : PasswordAuth:support	support

2020-07-05 14:55:26,816 : INFO : first_logger : PasswordAuth:root	admin

2020-07-05 14:57:56,407 : INFO : first_logger : PasswordAuth:root	admin

2020-07-05 15:00:29,042 : INFO : first_logger : PasswordAuth:support	support

2020-07-05 15:01:53,644 : INFO : first_logger : PasswordAuth:root	admin

2020-07-05 15:06:26,742 : INFO : first_logger : PasswordAuth:root	admin

2020-07-05 15:07:34,029 : INFO : first_logger : PasswordAuth:root	linuxserver

2020-07-05 15:08:11,504 : INFO : first_logger : PasswordAuth:mai	123456

2020-07-05 15:11:05,778 : INFO : first_logger : PasswordAuth:root	sairam

2020-07-05 15:11:10,514 : INFO : first_logger : PasswordAuth:root	admin

2020-07-05 15:11:15,470 : INFO : first_logger : PasswordAuth:sonarr	sonarr

2020-07-05 15:11:21,048 : INFO : first_logger : PasswordAuth:root	aqswde

2020-07-05 15:15:04,651 : INFO : first_logger : PasswordAuth:root	admin

2020-07-05 15:18:15,770 : INFO : first_logger : PasswordAuth:developer	password

2020-07-05 15:19:14,000 : INFO : first_logger : PasswordAuth:admin	1234

2020-07-05 15:19:14,247 : INFO : first_logger : PasswordAuth:root	oelinux123

2020-07-05 15:19:14,510 : INFO : first_logger : PasswordAuth:admin	admin

2020-07-05 15:19:14,775 : INFO : first_logger : PasswordAuth:admin	default

2020-07-05 15:19:15,075 : INFO : first_logger : PasswordAuth:admin	password

2020-07-05 15:19:15,340 : INFO : first_logger : PasswordAuth:apache	apache

2020-07-05 15:19:15,615 : INFO : first_logger : PasswordAuth:volumio	volumio

2020-07-05 15:19:15,957 : INFO : first_logger : PasswordAuth:ethos	live

2020-07-05 15:19:16,290 : INFO : first_logger : PasswordAuth:cirros	cubswin:)

2020-07-05 15:19:16,544 : INFO : first_logger : PasswordAuth:cirros	gocubsgo

2020-07-05 15:19:16,800 : INFO : first_logger : PasswordAuth:comcast	1234

2020-07-05 15:19:17,047 : INFO : first_logger : PasswordAuth:default	1q2w3e

2020-07-05 15:19:17,312 : INFO : first_logger : PasswordAuth:guest	guest

2020-07-05 15:19:17,602 : INFO : first_logger : PasswordAuth:nagios	nagios

2020-07-05 15:19:17,877 : INFO : first_logger : PasswordAuth:oracle	oracle

2020-07-05 15:19:18,352 : INFO : first_logger : PasswordAuth:oracle	oracle123

2020-07-05 15:19:18,624 : INFO : first_logger : PasswordAuth:pi	raspberry

2020-07-05 15:19:18,907 : INFO : first_logger : PasswordAuth:postgres	postgres

2020-07-05 15:19:19,177 : INFO : first_logger : PasswordAuth:root	0000

2020-07-05 15:19:19,423 : INFO : first_logger : PasswordAuth:root	1

2020-07-05 15:19:19,700 : INFO : first_logger : PasswordAuth:root	111111

2020-07-05 15:19:19,990 : INFO : first_logger : PasswordAuth:root	123

2020-07-05 15:19:20,249 : INFO : first_logger : PasswordAuth:root	123123

2020-07-05 15:19:20,497 : INFO : first_logger : PasswordAuth:root	1234

2020-07-05 15:19:20,735 : INFO : first_logger : PasswordAuth:root	12345

2020-07-05 15:19:21,287 : INFO : first_logger : PasswordAuth:root	123456

2020-07-05 15:19:21,585 : INFO : first_logger : PasswordAuth:root	1234567

2020-07-05 15:19:22,063 : INFO : first_logger : PasswordAuth:root	12345678

2020-07-05 15:19:23,012 : INFO : first_logger : PasswordAuth:root	123456789

2020-07-05 15:19:23,295 : INFO : first_logger : PasswordAuth:root	1234567890

2020-07-05 15:19:23,615 : INFO : first_logger : PasswordAuth:root	123qaz

2020-07-05 15:19:23,885 : INFO : first_logger : PasswordAuth:root	123qwe

2020-07-05 15:19:24,557 : INFO : first_logger : PasswordAuth:root	1q2w3e

2020-07-05 15:19:25,513 : INFO : first_logger : PasswordAuth:root	1q2w3e4r

2020-07-05 15:19:25,772 : INFO : first_logger : PasswordAuth:root	1qa2ws3ed

2020-07-05 15:19:26,050 : INFO : first_logger : PasswordAuth:root	1qaz2wsx

2020-07-05 15:19:26,317 : INFO : first_logger : PasswordAuth:root	1qaz@WSX

2020-07-05 15:19:26,579 : INFO : first_logger : PasswordAuth:root	654321

2020-07-05 15:19:26,830 : INFO : first_logger : PasswordAuth:root	987654321

2020-07-05 15:19:27,060 : INFO : first_logger : PasswordAuth:root	@#$%^&*!

2020-07-05 15:19:27,334 : INFO : first_logger : PasswordAuth:root	ubnt

2020-07-05 15:19:27,602 : INFO : first_logger : PasswordAuth:root	a

2020-07-05 15:19:27,872 : INFO : first_logger : PasswordAuth:root	abc123

2020-07-05 15:19:28,115 : INFO : first_logger : PasswordAuth:root	abcd1234

2020-07-05 15:19:28,387 : INFO : first_logger : PasswordAuth:root	admin

2020-07-05 15:19:28,649 : INFO : first_logger : PasswordAuth:root	changeme

2020-07-05 15:19:28,907 : INFO : first_logger : PasswordAuth:root	libreelec

2020-07-05 15:19:29,148 : INFO : first_logger : PasswordAuth:root	linux

2020-07-05 15:19:29,407 : INFO : first_logger : PasswordAuth:root	openelec

2020-07-05 15:19:29,672 : INFO : first_logger : PasswordAuth:root	p@ssw0rd

2020-07-05 15:19:29,952 : INFO : first_logger : PasswordAuth:root	secret

2020-07-05 15:19:30,215 : INFO : first_logger : PasswordAuth:root	passw0rd

2020-07-05 15:19:30,468 : INFO : first_logger : PasswordAuth:root	password

2020-07-05 15:19:30,745 : INFO : first_logger : PasswordAuth:root	Password1

2020-07-05 15:19:31,012 : INFO : first_logger : PasswordAuth:root	password123

2020-07-05 15:19:31,270 : INFO : first_logger : PasswordAuth:root	postgres

2020-07-05 15:19:31,532 : INFO : first_logger : PasswordAuth:root	q1w2e3r4

2020-07-05 15:19:31,808 : INFO : first_logger : PasswordAuth:root	qazwsx

2020-07-05 15:19:32,062 : INFO : first_logger : PasswordAuth:root	qwerty

2020-07-05 15:19:32,312 : INFO : first_logger : PasswordAuth:root	r00t

2020-07-05 15:19:32,547 : INFO : first_logger : PasswordAuth:root	redhat

2020-07-05 15:19:32,820 : INFO : first_logger : PasswordAuth:root	root

2020-07-05 15:19:33,097 : INFO : first_logger : PasswordAuth:root	root123

2020-07-05 15:19:33,362 : INFO : first_logger : PasswordAuth:root	rootroot

2020-07-05 15:19:33,655 : INFO : first_logger : PasswordAuth:root	server

2020-07-05 15:19:34,662 : INFO : first_logger : PasswordAuth:root	test

2020-07-05 15:19:35,280 : INFO : first_logger : PasswordAuth:root	test123

2020-07-05 15:19:35,548 : INFO : first_logger : PasswordAuth:root	toor

2020-07-05 15:19:35,800 : INFO : first_logger : PasswordAuth:root	vagrant

2020-07-05 15:19:36,225 : INFO : first_logger : PasswordAuth:root	zaq12wsx

2020-07-05 15:19:36,557 : INFO : first_logger : PasswordAuth:support	support

2020-07-05 15:19:36,868 : INFO : first_logger : PasswordAuth:test	123456

2020-07-05 15:19:37,120 : INFO : first_logger : PasswordAuth:test	test

2020-07-05 15:19:37,390 : INFO : first_logger : PasswordAuth:test	test123

2020-07-05 15:19:37,673 : INFO : first_logger : PasswordAuth:ubnt	ubnt

2020-07-05 15:19:37,952 : INFO : first_logger : PasswordAuth:user	user

2020-07-05 15:19:48,814 : INFO : first_logger : PasswordAuth:root	admin

2020-07-05 19:00:04,577 : INFO : first_logger : PasswordAuth:root	admin

2020-07-05 19:04:41,551 : INFO : first_logger : PasswordAuth:root	admin

2020-07-05 19:07:43,096 : INFO : first_logger : PasswordAuth:root	albert

2020-07-05 19:07:55,833 : INFO : first_logger : PasswordAuth:root	admin

2020-07-05 19:09:27,068 : INFO : first_logger : PasswordAuth:root	admin

2020-07-05 19:12:58,165 : INFO : first_logger : PasswordAuth:root	admin

2020-07-05 19:15:25,421 : INFO : first_logger : PasswordAuth:admin	admin

2020-07-05 19:15:28,311 : INFO : first_logger : PasswordAuth:admin	password

2020-07-05 19:15:30,131 : INFO : first_logger : PasswordAuth:support	support

2020-07-05 19:15:40,948 : INFO : first_logger : PasswordAuth:root	admin

2020-07-05 19:18:19,382 : INFO : first_logger : PasswordAuth:root	admin

2020-07-05 19:21:12,890 : INFO : first_logger : PasswordAuth:root	KqCRxa5BkBQaB5Uw9h

2020-07-05 19:22:03,895 : INFO : first_logger : PasswordAuth:test1	test1

2020-07-05 19:22:57,479 : INFO : first_logger : PasswordAuth:root	admin

2020-07-05 19:25:37,675 : INFO : first_logger : PasswordAuth:spam	spam

2020-07-06 04:40:46,856 : INFO : first_logger : PasswordAuth:natalia	123456

2020-07-06 04:41:30,534 : INFO : first_logger : PasswordAuth:root	admin

2020-07-06 04:45:05,399 : INFO : first_logger : PasswordAuth:root	admin

2020-07-06 04:49:24,208 : INFO : first_logger : PasswordAuth:root	admin

2020-07-06 04:54:11,029 : INFO : first_logger : PasswordAuth:root	admin

2020-07-06 04:54:36,976 : INFO : first_logger : PasswordAuth:beta	beta

2020-07-06 04:54:54,060 : INFO : first_logger : PasswordAuth:root	admin

2020-07-06 04:58:08,746 : INFO : first_logger : PasswordAuth:root	admin

2020-07-06 04:59:51,188 : INFO : first_logger : PasswordAuth:root	admin

2020-07-06 05:03:25,090 : INFO : first_logger : PasswordAuth:zhangjingchao	zhangjingchao

2020-07-06 05:04:13,461 : INFO : first_logger : PasswordAuth:root	admin

2020-07-06 05:07:28,341 : INFO : first_logger : PasswordAuth:root	admin

2020-07-06 05:11:22,689 : INFO : first_logger : PasswordAuth:root	admin

2020-07-06 05:12:53,448 : INFO : first_logger : PasswordAuth:root	admin

2020-07-06 05:15:50,125 : INFO : first_logger : PasswordAuth:root	admin

2020-07-06 05:19:52,608 : INFO : first_logger : PasswordAuth:root	admin

2020-07-06 05:22:23,427 : INFO : first_logger : PasswordAuth:root	admin

2020-07-06 05:25:25,139 : INFO : first_logger : PasswordAuth:support	support

2020-07-06 05:26:23,421 : INFO : first_logger : PasswordAuth:root	admin

2020-07-06 05:31:21,871 : INFO : first_logger : PasswordAuth:root	admin

2020-07-06 05:33:07,763 : INFO : first_logger : PasswordAuth:root	admin

2020-07-06 05:37:16,991 : INFO : first_logger : PasswordAuth:root	admin

2020-07-06 05:41:27,529 : INFO : first_logger : PasswordAuth:root	admin

2020-07-06 05:44:13,899 : INFO : first_logger : PasswordAuth:root	admin

2020-07-06 05:47:58,734 : INFO : first_logger : PasswordAuth:root	admin

2020-07-06 05:48:24,100 : INFO : first_logger : PasswordAuth:support	support

2020-07-06 05:52:05,595 : INFO : first_logger : PasswordAuth:root	admin

2020-07-06 05:55:49,174 : INFO : first_logger : PasswordAuth:joshua	joshua123

2020-07-06 05:56:59,728 : INFO : first_logger : PasswordAuth:root	admin

2020-07-06 06:00:10,922 : INFO : first_logger : PasswordAuth:root	admin

2020-07-06 06:00:25,255 : INFO : first_logger : PasswordAuth:simeon	simeon

2020-07-06 06:01:46,307 : INFO : first_logger : PasswordAuth:xavier	123456

2020-07-06 06:22:18,707 : INFO : first_logger : PasswordAuth:root	admin

2020-07-06 06:24:52,497 : INFO : first_logger : PasswordAuth:root	www.163.com

2020-07-06 06:25:29,225 : INFO : first_logger : PasswordAuth:root	admin

2020-07-06 06:26:50,881 : INFO : first_logger : PasswordAuth:root	aaaa1234

2020-07-06 06:27:16,081 : INFO : first_logger : PasswordAuth:root	admin

2020-07-06 06:27:17,388 : INFO : first_logger : PasswordAuth:root	root2020

2020-07-06 06:29:45,287 : INFO : first_logger : PasswordAuth:root	admin

2020-07-06 06:30:26,184 : INFO : first_logger : PasswordAuth:dinesh	dinesh

2020-07-06 06:31:34,682 : INFO : first_logger : PasswordAuth:miwa	miwa123

2020-07-06 06:34:37,309 : INFO : first_logger : PasswordAuth:root	admin

2020-07-06 06:36:38,151 : INFO : first_logger : PasswordAuth:root	admin

2020-07-06 06:39:12,990 : INFO : first_logger : PasswordAuth:test	!QAZxsw2

2020-07-06 06:41:01,512 : INFO : first_logger : PasswordAuth:root	admin

2020-07-06 06:42:35,628 : INFO : first_logger : PasswordAuth:root	pos

2020-07-06 06:45:08,732 : INFO : first_logger : PasswordAuth:root	admin

2020-07-06 06:47:52,979 : INFO : first_logger : PasswordAuth:root	admin

2020-07-06 06:53:18,479 : INFO : first_logger : PasswordAuth:support	support

2020-07-06 06:53:21,953 : INFO : first_logger : PasswordAuth:root	admin

2020-07-06 06:55:38,872 : INFO : first_logger : PasswordAuth:root	admin

2020-07-06 06:58:40,572 : INFO : first_logger : PasswordAuth:root	admin

2020-07-06 06:59:06,526 : INFO : first_logger : PasswordAuth:root	admin

2020-07-06 10:19:03,804 : INFO : first_logger : PasswordAuth:root	19900629

2020-07-06 10:19:16,821 : INFO : first_logger : PasswordAuth:service	klv1234

2020-07-06 10:22:20,344 : INFO : first_logger : PasswordAuth:root	admin

2020-07-06 10:25:50,555 : INFO : first_logger : PasswordAuth:root	admin

2020-07-06 10:30:05,281 : INFO : first_logger : PasswordAuth:root	admin

2020-07-06 10:33:51,349 : INFO : first_logger : PasswordAuth:root	admin

2020-07-06 10:36:47,807 : INFO : first_logger : PasswordAuth:root	admin

2020-07-06 10:39:20,966 : INFO : first_logger : PasswordAuth:root	admin

2020-07-06 10:40:18,452 : INFO : first_logger : PasswordAuth:root	admin

2020-07-06 10:45:13,634 : INFO : first_logger : PasswordAuth:root	admin

2020-07-06 10:45:14,425 : INFO : first_logger : PasswordAuth:penpun	penpun

2020-07-06 10:47:39,290 : INFO : first_logger : PasswordAuth:root	admin

2020-07-06 10:52:06,017 : INFO : first_logger : PasswordAuth:root	admin

2020-07-06 10:56:38,081 : INFO : first_logger : PasswordAuth:root	admin

2020-07-06 10:59:32,069 : INFO : first_logger : PasswordAuth:root	admin

2020-07-06 11:32:39,347 : INFO : first_logger : PasswordAuth:root	admin

2020-07-06 11:36:22,224 : INFO : first_logger : PasswordAuth:root	admin

2020-07-06 11:36:22,665 : INFO : first_logger : PasswordAuth:vpn	vpn

2020-07-06 11:36:23,680 : INFO : first_logger : PasswordAuth:admin	1234qwer

2020-07-06 11:36:24,744 : INFO : first_logger : PasswordAuth:support	iyeastar

2020-07-06 11:40:09,556 : INFO : first_logger : PasswordAuth:root	admin

2020-07-06 11:44:26,273 : INFO : first_logger : PasswordAuth:root	admin

2020-07-06 11:47:05,716 : INFO : first_logger : PasswordAuth:root	admin

2020-07-06 11:52:22,861 : INFO : first_logger : PasswordAuth:support	support

2020-07-06 11:52:28,331 : INFO : first_logger : PasswordAuth:root	admin

2020-07-06 11:54:25,828 : INFO : first_logger : PasswordAuth:root	admin

2020-07-06 11:58:29,332 : INFO : first_logger : PasswordAuth:root	admin

2020-07-06 12:03:28,733 : INFO : first_logger : PasswordAuth:root	admin

2020-07-06 12:05:24,039 : INFO : first_logger : PasswordAuth:root	admin

2020-07-06 12:06:01,146 : INFO : first_logger : PasswordAuth:root	tr

2020-07-06 12:07:02,558 : INFO : first_logger : PasswordAuth:tr	tr

2020-07-06 12:07:46,879 : INFO : first_logger : PasswordAuth:root	admin

2020-07-06 12:08:10,207 : INFO : first_logger : PasswordAuth:apidoc	apidoc

2020-07-06 12:08:10,441 : INFO : first_logger : PasswordAuth:support	support

2020-07-06 12:08:36,162 : INFO : first_logger : PasswordAuth:root	admin

2020-07-06 12:11:43,062 : INFO : first_logger : PasswordAuth:zzb	zzb

2020-07-06 12:12:07,492 : INFO : first_logger : PasswordAuth:root	admin

2020-07-06 12:16:09,254 : INFO : first_logger : PasswordAuth:norberto	norberto

2020-07-06 12:18:18,059 : INFO : first_logger : PasswordAuth:nvr	nvr

2020-07-06 12:22:36,081 : INFO : first_logger : PasswordAuth:fake	fake

2020-07-06 12:22:37,085 : INFO : first_logger : PasswordAuth:admin	admin

2020-07-06 12:22:38,100 : INFO : first_logger : PasswordAuth:root	root

2020-07-06 12:22:39,047 : INFO : first_logger : PasswordAuth:ubnt	ubnt

2020-07-06 12:22:40,054 : INFO : first_logger : PasswordAuth:guest	guest

2020-07-06 12:22:41,018 : INFO : first_logger : PasswordAuth:support	support

2020-07-06 12:23:15,251 : INFO : first_logger : PasswordAuth:root	admin

2020-07-06 12:26:20,735 : INFO : first_logger : PasswordAuth:root	admin

2020-07-06 12:27:33,300 : INFO : first_logger : PasswordAuth:root	Login123!@#

2020-07-06 12:27:47,068 : INFO : first_logger : PasswordAuth:admin	963852741

2020-07-06 12:30:32,339 : INFO : first_logger : PasswordAuth:root	luxury

2020-07-06 12:31:23,439 : INFO : first_logger : PasswordAuth:root	admin

2020-07-06 12:33:02,799 : INFO : first_logger : PasswordAuth:zls	123456

2020-07-06 12:34:13,571 : INFO : first_logger : PasswordAuth:root	admin

2020-07-06 12:34:52,502 : INFO : first_logger : PasswordAuth:support	support

2020-07-06 12:38:19,222 : INFO : first_logger : PasswordAuth:root	admin

2020-07-06 12:40:28,414 : INFO : first_logger : PasswordAuth:root	admin

2020-07-06 12:45:37,774 : INFO : first_logger : PasswordAuth:root	admin

2020-07-06 12:49:22,927 : INFO : first_logger : PasswordAuth:root	admin

2020-07-06 12:52:15,931 : INFO : first_logger : PasswordAuth:root	admin

2020-07-06 12:56:34,460 : INFO : first_logger : PasswordAuth:root	admin

2020-07-06 12:56:49,828 : INFO : first_logger : PasswordAuth:root	admin

2020-07-06 12:56:58,466 : INFO : first_logger : PasswordAuth:bro	bro

2020-07-06 12:58:45,808 : INFO : first_logger : PasswordAuth:support	support

2020-07-06 13:00:32,425 : INFO : first_logger : PasswordAuth:root	admin

2020-07-06 13:03:07,972 : INFO : first_logger : PasswordAuth:root	admin

2020-07-06 13:03:21,462 : INFO : first_logger : PasswordAuth:ftpuser	1qazxsw2

2020-07-06 13:08:13,404 : INFO : first_logger : PasswordAuth:root	admin

2020-07-06 13:09:46,940 : INFO : first_logger : PasswordAuth:admin	xyz

2020-07-06 13:09:46,975 : INFO : first_logger : PasswordAuth:pl	pl

2020-07-06 13:11:13,995 : INFO : first_logger : PasswordAuth:root	admin

2020-07-06 13:14:47,620 : INFO : first_logger : PasswordAuth:root	aqwxsz1A

2020-07-06 13:15:10,710 : INFO : first_logger : PasswordAuth:root	admin

2020-07-06 13:19:14,647 : INFO : first_logger : PasswordAuth:root	admin

2020-07-06 13:21:32,301 : INFO : first_logger : PasswordAuth:root	admin

2020-07-06 13:26:29,279 : INFO : first_logger : PasswordAuth:root	admin

2020-07-06 13:30:39,525 : INFO : first_logger : PasswordAuth:root	admin

2020-07-06 13:33:34,378 : INFO : first_logger : PasswordAuth:root	admin

2020-07-06 13:34:12,928 : INFO : first_logger : PasswordAuth:root	admin

2020-07-06 13:36:59,123 : INFO : first_logger : PasswordAuth:root	admin

2020-07-06 13:37:09,674 : INFO : first_logger : PasswordAuth:support	support

2020-07-06 13:39:02,841 : INFO : first_logger : PasswordAuth:luke	luke123

2020-07-06 13:40:08,428 : INFO : first_logger : PasswordAuth:root	admin

2020-07-06 13:41:09,185 : INFO : first_logger : PasswordAuth:csgoserver	csgoserver1

2020-07-06 13:44:21,073 : INFO : first_logger : PasswordAuth:root	admin

2020-07-06 13:44:40,708 : INFO : first_logger : PasswordAuth:root	Vajra@123

2020-07-06 13:47:51,531 : INFO : first_logger : PasswordAuth:root	admin

2020-07-06 13:51:33,835 : INFO : first_logger : PasswordAuth:root	admin

2020-07-06 13:54:21,297 : INFO : first_logger : PasswordAuth:root	admin

2020-07-06 14:00:04,963 : INFO : first_logger : PasswordAuth:root	admin

2020-07-06 14:02:08,692 : INFO : first_logger : PasswordAuth:root	admin

2020-07-06 14:03:03,069 : INFO : first_logger : PasswordAuth:root	admin

2020-07-06 14:06:43,862 : INFO : first_logger : PasswordAuth:root	admin

2020-07-06 14:10:04,968 : INFO : first_logger : PasswordAuth:root	admin

2020-07-06 14:14:57,699 : INFO : first_logger : PasswordAuth:root	admin

2020-07-06 14:17:52,034 : INFO : first_logger : PasswordAuth:root	admin

2020-07-06 14:21:25,996 : INFO : first_logger : PasswordAuth:root	admin

2020-07-06 14:21:26,015 : INFO : first_logger : PasswordAuth:support	support

2020-07-06 14:24:29,201 : INFO : first_logger : PasswordAuth:root	admin

2020-07-06 14:26:14,218 : INFO : first_logger : PasswordAuth:root	admin

2020-07-06 14:26:31,891 : INFO : first_logger : PasswordAuth:root	admin

2020-07-06 14:26:32,959 : INFO : first_logger : PasswordAuth:admin	admin1

2020-07-06 14:26:34,069 : INFO : first_logger : PasswordAuth:Administrator	admin

2020-07-06 14:26:35,150 : INFO : first_logger : PasswordAuth:root	123456

2020-07-06 14:26:36,263 : INFO : first_logger : PasswordAuth:admin	ubnt

2020-07-06 14:26:37,368 : INFO : first_logger : PasswordAuth:1234	1234

2020-07-06 14:26:38,502 : INFO : first_logger : PasswordAuth:guest	guest

2020-07-06 14:26:39,574 : INFO : first_logger : PasswordAuth:Admin	Admin

2020-07-06 14:26:40,661 : INFO : first_logger : PasswordAuth:root	password

2020-07-06 14:26:41,734 : INFO : first_logger : PasswordAuth:admin	123456

2020-07-06 14:26:42,803 : INFO : first_logger : PasswordAuth:admin	1234

2020-07-06 14:26:44,585 : INFO : first_logger : PasswordAuth:user	1234

2020-07-06 14:28:05,150 : INFO : first_logger : PasswordAuth:root	admin

2020-07-06 14:31:47,690 : INFO : first_logger : PasswordAuth:root	admin

2020-07-06 14:34:44,000 : INFO : first_logger : PasswordAuth:zhoujing	zhoujing

2020-07-06 14:35:25,755 : INFO : first_logger : PasswordAuth:root	admin

2020-07-06 14:36:56,657 : INFO : first_logger : PasswordAuth:root	Qwerty@123

2020-07-06 14:37:49,244 : INFO : first_logger : PasswordAuth:root	install

2020-07-06 14:39:02,995 : INFO : first_logger : PasswordAuth:root	admin

2020-07-06 14:42:52,133 : INFO : first_logger : PasswordAuth:root	admin

2020-07-06 14:45:34,597 : INFO : first_logger : PasswordAuth:admin	admin

2020-07-06 14:45:36,570 : INFO : first_logger : PasswordAuth:admin	huigu309

2020-07-06 14:45:40,105 : INFO : first_logger : PasswordAuth:admin	password

2020-07-06 14:45:42,887 : INFO : first_logger : PasswordAuth:admin	motorola

2020-07-06 14:45:46,187 : INFO : first_logger : PasswordAuth:admin	superuser

2020-07-06 14:45:49,765 : INFO : first_logger : PasswordAuth:admin	admin123

2020-07-06 14:45:53,677 : INFO : first_logger : PasswordAuth:nexthink	123456

2020-07-06 14:45:57,640 : INFO : first_logger : PasswordAuth:osbash	osbash

2020-07-06 14:46:00,084 : INFO : first_logger : PasswordAuth:plexuser	rasplex

2020-07-06 14:46:03,156 : INFO : first_logger : PasswordAuth:support	support

2020-07-06 14:46:06,264 : INFO : first_logger : PasswordAuth:NetLinx	password

2020-07-06 14:46:09,854 : INFO : first_logger : PasswordAuth:netscreen	netscreen

2020-07-06 14:46:13,035 : INFO : first_logger : PasswordAuth:root	admin

2020-07-06 14:46:22,292 : INFO : first_logger : PasswordAuth:root	root

2020-07-06 14:46:25,209 : INFO : first_logger : PasswordAuth:root	ubnt

2020-07-06 14:46:28,810 : INFO : first_logger : PasswordAuth:root	1234

2020-07-06 14:46:31,966 : INFO : first_logger : PasswordAuth:root	admin

2020-07-06 14:46:36,458 : INFO : first_logger : PasswordAuth:root	huawei@123

2020-07-06 14:46:39,543 : INFO : first_logger : PasswordAuth:root	huigu309

2020-07-06 14:46:42,237 : INFO : first_logger : PasswordAuth:root	osboxes.org

2020-07-06 14:46:44,162 : INFO : first_logger : PasswordAuth:root	NM1$88

2020-07-06 14:46:46,681 : INFO : first_logger : PasswordAuth:root	linux

2020-07-06 14:46:49,707 : INFO : first_logger : PasswordAuth:root	uClinux

2020-07-06 14:46:53,194 : INFO : first_logger : PasswordAuth:root	alpine

2020-07-06 14:46:57,273 : INFO : first_logger : PasswordAuth:root	dottie

2020-07-06 14:47:01,771 : INFO : first_logger : PasswordAuth:root	vagrant

2020-07-06 14:47:06,769 : INFO : first_logger : PasswordAuth:root	ceadmin

2020-07-06 14:47:08,696 : INFO : first_logger : PasswordAuth:root	sipwise

2020-07-06 14:47:12,581 : INFO : first_logger : PasswordAuth:root	sixaola

2020-07-06 14:47:28,716 : INFO : first_logger : PasswordAuth:root	screencast

2020-07-06 14:47:34,374 : INFO : first_logger : PasswordAuth:root	stxadmin

2020-07-06 14:47:37,702 : INFO : first_logger : PasswordAuth:root	openelec

2020-07-06 14:47:40,385 : INFO : first_logger : PasswordAuth:root	rasplex

2020-07-06 14:47:45,329 : INFO : first_logger : PasswordAuth:root	plex

2020-07-06 14:47:51,193 : INFO : first_logger : PasswordAuth:root	openmediavault

2020-07-06 14:47:58,114 : INFO : first_logger : PasswordAuth:root	ys123456

2020-07-06 14:48:02,219 : INFO : first_logger : PasswordAuth:root	libreelec

2020-07-06 14:48:09,470 : INFO : first_logger : PasswordAuth:root	root01

2020-07-06 14:48:15,525 : INFO : first_logger : PasswordAuth:root	nas4free

2020-07-06 14:48:22,410 : INFO : first_logger : PasswordAuth:root	freenas

2020-07-06 14:48:25,729 : INFO : first_logger : PasswordAuth:root	cxlinux

2020-07-06 14:48:29,554 : INFO : first_logger : PasswordAuth:root	D13HH[

2020-07-06 14:48:35,341 : INFO : first_logger : PasswordAuth:root	dasdec1

2020-07-06 14:48:41,684 : INFO : first_logger : PasswordAuth:root	Zte521

2020-07-06 14:48:43,632 : INFO : first_logger : PasswordAuth:root	zlxx.

2020-07-06 14:49:00,756 : INFO : first_logger : PasswordAuth:root	calvin

2020-07-06 14:49:03,487 : INFO : first_logger : PasswordAuth:root	toor

2020-07-06 14:49:05,411 : INFO : first_logger : PasswordAuth:root	qwasyx21

2020-07-06 14:49:29,031 : INFO : first_logger : PasswordAuth:root	default

2020-07-06 14:49:32,374 : INFO : first_logger : PasswordAuth:root	leostream

2020-07-06 14:49:34,468 : INFO : first_logger : PasswordAuth:root	rootpasswd

2020-07-06 14:49:37,741 : INFO : first_logger : PasswordAuth:root	p@ck3tf3nc3

2020-07-06 14:49:40,936 : INFO : first_logger : PasswordAuth:pi	raspberry

2020-07-06 14:49:44,095 : INFO : first_logger : PasswordAuth:pi	12345

2020-07-06 14:49:48,025 : INFO : first_logger : PasswordAuth:pi	123321

2020-07-06 14:49:54,312 : INFO : first_logger : PasswordAuth:ubnt	ubnt

2020-07-06 14:49:56,883 : INFO : first_logger : PasswordAuth:osboxes	osboxes.org

2020-07-06 14:50:00,823 : INFO : first_logger : PasswordAuth:openhabian	openhabian

2020-07-06 14:50:03,956 : INFO : first_logger : PasswordAuth:misp	Password1234

2020-07-06 14:51:03,709 : INFO : first_logger : PasswordAuth:root	admin

2020-07-06 14:55:21,695 : INFO : first_logger : PasswordAuth:root	admin

2020-07-06 14:56:24,817 : INFO : first_logger : PasswordAuth:sportsdesk	sportsdesk

2020-07-06 14:57:39,666 : INFO : first_logger : PasswordAuth:root	admin

2020-07-06 16:38:44,425 : INFO : first_logger : PasswordAuth:root	admin

2020-07-06 16:42:54,329 : INFO : first_logger : PasswordAuth:root	admin

2020-07-06 16:45:59,406 : INFO : first_logger : PasswordAuth:support	support

2020-07-06 16:46:43,893 : INFO : first_logger : PasswordAuth:root	admin

2020-07-06 16:49:45,117 : INFO : first_logger : PasswordAuth:root	admin

2020-07-06 16:52:28,162 : INFO : first_logger : PasswordAuth:root	admin

2020-07-06 16:52:59,329 : INFO : first_logger : PasswordAuth:root	admin

2020-07-06 16:57:12,490 : INFO : first_logger : PasswordAuth:fake	fake

2020-07-06 16:57:13,721 : INFO : first_logger : PasswordAuth:admin	admin

2020-07-06 16:57:15,927 : INFO : first_logger : PasswordAuth:root	root

2020-07-06 16:58:01,298 : INFO : first_logger : PasswordAuth:root	admin

2020-07-06 17:00:53,080 : INFO : first_logger : PasswordAuth:root	admin

2020-07-06 17:02:43,397 : INFO : first_logger : PasswordAuth:support	support

2020-07-06 17:04:18,228 : INFO : first_logger : PasswordAuth:root	admin

2020-07-06 17:08:43,348 : INFO : first_logger : PasswordAuth:root	admin

2020-07-06 17:09:59,724 : INFO : first_logger : PasswordAuth:root	admin

2020-07-06 17:12:01,765 : INFO : first_logger : PasswordAuth:root	admin

2020-07-06 17:16:35,290 : INFO : first_logger : PasswordAuth:root	admin

2020-07-06 17:17:49,117 : INFO : first_logger : PasswordAuth:dbseller	dbseller

2020-07-06 17:19:24,702 : INFO : first_logger : PasswordAuth:root	admin

2020-07-06 17:19:41,867 : INFO : first_logger : PasswordAuth:luser	luser

2020-07-06 17:20:26,341 : INFO : first_logger : PasswordAuth:root	45rtfgvb

2020-07-06 17:24:15,821 : INFO : first_logger : PasswordAuth:root	admin

2020-07-06 17:24:50,731 : INFO : first_logger : PasswordAuth:lance	lance

2020-07-06 17:26:08,755 : INFO : first_logger : PasswordAuth:rubens	rubens

2020-07-06 17:27:38,361 : INFO : first_logger : PasswordAuth:root	admin

2020-07-06 17:27:59,302 : INFO : first_logger : PasswordAuth:root	admin

2020-07-06 17:30:00,376 : INFO : first_logger : PasswordAuth:root	Spring123

2020-07-06 17:31:48,636 : INFO : first_logger : PasswordAuth:root	74107410

2020-07-06 17:32:29,899 : INFO : first_logger : PasswordAuth:root	admin

2020-07-06 17:35:13,935 : INFO : first_logger : PasswordAuth:root	admin

2020-07-06 17:36:28,748 : INFO : first_logger : PasswordAuth:root	root

2020-07-06 17:39:29,021 : INFO : first_logger : PasswordAuth:root	admin

2020-07-06 17:41:21,195 : INFO : first_logger : PasswordAuth:temp	temp123

2020-07-06 17:41:48,763 : INFO : first_logger : PasswordAuth:admin	1234

2020-07-06 17:41:49,219 : INFO : first_logger : PasswordAuth:root	oelinux123

2020-07-06 17:41:49,650 : INFO : first_logger : PasswordAuth:admin	admin

2020-07-06 17:41:50,014 : INFO : first_logger : PasswordAuth:admin	default

2020-07-06 17:41:50,365 : INFO : first_logger : PasswordAuth:admin	password

2020-07-06 17:41:50,717 : INFO : first_logger : PasswordAuth:apache	apache

2020-07-06 17:41:51,077 : INFO : first_logger : PasswordAuth:volumio	volumio

2020-07-06 17:41:51,439 : INFO : first_logger : PasswordAuth:ethos	live

2020-07-06 17:41:51,800 : INFO : first_logger : PasswordAuth:cirros	cubswin:)

2020-07-06 17:41:52,153 : INFO : first_logger : PasswordAuth:cirros	gocubsgo

2020-07-06 17:41:52,506 : INFO : first_logger : PasswordAuth:comcast	1234

2020-07-06 17:41:52,866 : INFO : first_logger : PasswordAuth:default	1q2w3e

2020-07-06 17:41:53,217 : INFO : first_logger : PasswordAuth:guest	guest

2020-07-06 17:41:53,569 : INFO : first_logger : PasswordAuth:nagios	nagios

2020-07-06 17:41:53,923 : INFO : first_logger : PasswordAuth:oracle	oracle

2020-07-06 17:41:54,286 : INFO : first_logger : PasswordAuth:oracle	oracle123

2020-07-06 17:41:54,638 : INFO : first_logger : PasswordAuth:pi	raspberry

2020-07-06 17:41:54,991 : INFO : first_logger : PasswordAuth:postgres	postgres

2020-07-06 17:41:55,344 : INFO : first_logger : PasswordAuth:root	0000

2020-07-06 17:41:55,698 : INFO : first_logger : PasswordAuth:root	1

2020-07-06 17:41:56,062 : INFO : first_logger : PasswordAuth:root	111111

2020-07-06 17:41:56,413 : INFO : first_logger : PasswordAuth:root	123

2020-07-06 17:41:56,765 : INFO : first_logger : PasswordAuth:root	123123

2020-07-06 17:41:57,118 : INFO : first_logger : PasswordAuth:root	1234

2020-07-06 17:41:57,474 : INFO : first_logger : PasswordAuth:root	12345

2020-07-06 17:41:57,834 : INFO : first_logger : PasswordAuth:root	123456

2020-07-06 17:41:58,207 : INFO : first_logger : PasswordAuth:root	1234567

2020-07-06 17:41:58,686 : INFO : first_logger : PasswordAuth:root	12345678

2020-07-06 17:41:59,136 : INFO : first_logger : PasswordAuth:root	123456789

2020-07-06 17:41:59,569 : INFO : first_logger : PasswordAuth:root	1234567890

2020-07-06 17:41:59,987 : INFO : first_logger : PasswordAuth:root	123qaz

2020-07-06 17:42:00,349 : INFO : first_logger : PasswordAuth:root	123qwe

2020-07-06 17:42:00,702 : INFO : first_logger : PasswordAuth:root	1q2w3e

2020-07-06 17:42:01,056 : INFO : first_logger : PasswordAuth:root	1q2w3e4r

2020-07-06 17:42:01,416 : INFO : first_logger : PasswordAuth:root	1qa2ws3ed

2020-07-06 17:42:01,781 : INFO : first_logger : PasswordAuth:root	1qaz2wsx

2020-07-06 17:42:02,146 : INFO : first_logger : PasswordAuth:root	1qaz@WSX

2020-07-06 17:42:02,503 : INFO : first_logger : PasswordAuth:root	654321

2020-07-06 17:42:02,854 : INFO : first_logger : PasswordAuth:root	987654321

2020-07-06 17:42:03,278 : INFO : first_logger : PasswordAuth:root	@#$%^&*!

2020-07-06 17:42:03,629 : INFO : first_logger : PasswordAuth:root	ubnt

2020-07-06 17:42:03,990 : INFO : first_logger : PasswordAuth:root	a

2020-07-06 17:42:04,342 : INFO : first_logger : PasswordAuth:root	abc123

2020-07-06 17:42:04,698 : INFO : first_logger : PasswordAuth:root	abcd1234

2020-07-06 17:42:05,058 : INFO : first_logger : PasswordAuth:root	admin

2020-07-06 17:42:05,413 : INFO : first_logger : PasswordAuth:root	changeme

2020-07-06 17:42:05,764 : INFO : first_logger : PasswordAuth:root	libreelec

2020-07-06 17:42:06,118 : INFO : first_logger : PasswordAuth:root	linux

2020-07-06 17:42:06,476 : INFO : first_logger : PasswordAuth:root	openelec

2020-07-06 17:42:06,834 : INFO : first_logger : PasswordAuth:root	p@ssw0rd

2020-07-06 17:42:07,194 : INFO : first_logger : PasswordAuth:root	secret

2020-07-06 17:42:07,553 : INFO : first_logger : PasswordAuth:root	passw0rd

2020-07-06 17:42:07,914 : INFO : first_logger : PasswordAuth:root	password

2020-07-06 17:42:08,284 : INFO : first_logger : PasswordAuth:root	Password1

2020-07-06 17:42:08,703 : INFO : first_logger : PasswordAuth:root	password123

2020-07-06 17:42:09,068 : INFO : first_logger : PasswordAuth:root	postgres

2020-07-06 17:42:09,509 : INFO : first_logger : PasswordAuth:root	q1w2e3r4

2020-07-06 17:42:10,054 : INFO : first_logger : PasswordAuth:root	qazwsx

2020-07-06 17:42:10,404 : INFO : first_logger : PasswordAuth:root	qwerty

2020-07-06 17:42:10,753 : INFO : first_logger : PasswordAuth:root	r00t

2020-07-06 17:42:11,109 : INFO : first_logger : PasswordAuth:root	redhat

2020-07-06 17:42:11,464 : INFO : first_logger : PasswordAuth:root	root

2020-07-06 17:42:11,816 : INFO : first_logger : PasswordAuth:root	root123

2020-07-06 17:42:12,167 : INFO : first_logger : PasswordAuth:root	rootroot

2020-07-06 17:42:12,522 : INFO : first_logger : PasswordAuth:root	server

2020-07-06 17:42:12,876 : INFO : first_logger : PasswordAuth:root	test

2020-07-06 17:42:13,230 : INFO : first_logger : PasswordAuth:root	test123

2020-07-06 17:42:13,580 : INFO : first_logger : PasswordAuth:root	toor

2020-07-06 17:42:13,935 : INFO : first_logger : PasswordAuth:root	vagrant

2020-07-06 17:42:14,285 : INFO : first_logger : PasswordAuth:root	zaq12wsx

2020-07-06 17:42:14,644 : INFO : first_logger : PasswordAuth:support	support

2020-07-06 17:42:14,994 : INFO : first_logger : PasswordAuth:test	123456

2020-07-06 17:42:15,345 : INFO : first_logger : PasswordAuth:test	test

2020-07-06 17:42:15,696 : INFO : first_logger : PasswordAuth:test	test123

2020-07-06 17:42:16,046 : INFO : first_logger : PasswordAuth:ubnt	ubnt

2020-07-06 17:42:16,408 : INFO : first_logger : PasswordAuth:user	user

2020-07-06 17:42:46,760 : INFO : first_logger : PasswordAuth:root	admin

2020-07-06 17:44:41,973 : INFO : first_logger : PasswordAuth:	

2020-07-06 17:44:42,006 : INFO : first_logger : PasswordAuth:admin	admin

2020-07-06 17:44:43,154 : INFO : first_logger : PasswordAuth:user	user

2020-07-06 17:46:50,709 : INFO : first_logger : PasswordAuth:root	admin

2020-07-06 17:49:38,939 : INFO : first_logger : PasswordAuth:root	admin

2020-07-06 17:53:32,150 : INFO : first_logger : PasswordAuth:root	admin

2020-07-06 17:57:58,759 : INFO : first_logger : PasswordAuth:root	admin

2020-07-06 18:01:11,449 : INFO : first_logger : PasswordAuth:root	admin

2020-07-06 18:06:40,977 : INFO : first_logger : PasswordAuth:root	admin

2020-07-06 18:08:49,078 : INFO : first_logger : PasswordAuth:root	admin

2020-07-06 18:11:07,297 : INFO : first_logger : PasswordAuth:admin	1234

2020-07-06 18:11:07,745 : INFO : first_logger : PasswordAuth:root	oelinux123

2020-07-06 18:11:08,161 : INFO : first_logger : PasswordAuth:admin	admin

2020-07-06 18:11:08,568 : INFO : first_logger : PasswordAuth:admin	default

2020-07-06 18:11:08,950 : INFO : first_logger : PasswordAuth:admin	password

2020-07-06 18:11:09,365 : INFO : first_logger : PasswordAuth:apache	apache

2020-07-06 18:11:09,818 : INFO : first_logger : PasswordAuth:volumio	volumio

2020-07-06 18:11:10,215 : INFO : first_logger : PasswordAuth:ethos	live

2020-07-06 18:11:10,627 : INFO : first_logger : PasswordAuth:cirros	cubswin:)

2020-07-06 18:11:11,078 : INFO : first_logger : PasswordAuth:cirros	gocubsgo

2020-07-06 18:11:11,489 : INFO : first_logger : PasswordAuth:comcast	1234

2020-07-06 18:11:11,949 : INFO : first_logger : PasswordAuth:default	1q2w3e

2020-07-06 18:11:12,332 : INFO : first_logger : PasswordAuth:guest	guest

2020-07-06 18:11:12,829 : INFO : first_logger : PasswordAuth:nagios	nagios

2020-07-06 18:11:13,221 : INFO : first_logger : PasswordAuth:oracle	oracle

2020-07-06 18:11:13,618 : INFO : first_logger : PasswordAuth:oracle	oracle123

2020-07-06 18:11:14,014 : INFO : first_logger : PasswordAuth:pi	raspberry

2020-07-06 18:11:14,416 : INFO : first_logger : PasswordAuth:postgres	postgres

2020-07-06 18:11:14,851 : INFO : first_logger : PasswordAuth:root	0000

2020-07-06 18:11:15,243 : INFO : first_logger : PasswordAuth:root	1

2020-07-06 18:11:15,628 : INFO : first_logger : PasswordAuth:root	111111

2020-07-06 18:11:16,028 : INFO : first_logger : PasswordAuth:root	123

2020-07-06 18:11:16,427 : INFO : first_logger : PasswordAuth:root	123123

2020-07-06 18:11:16,821 : INFO : first_logger : PasswordAuth:root	1234

2020-07-06 18:11:17,255 : INFO : first_logger : PasswordAuth:root	12345

2020-07-06 18:11:17,708 : INFO : first_logger : PasswordAuth:root	123456

2020-07-06 18:11:18,107 : INFO : first_logger : PasswordAuth:root	1234567

2020-07-06 18:11:18,511 : INFO : first_logger : PasswordAuth:root	12345678

2020-07-06 18:11:18,917 : INFO : first_logger : PasswordAuth:root	123456789

2020-07-06 18:11:19,354 : INFO : first_logger : PasswordAuth:root	1234567890

2020-07-06 18:11:19,807 : INFO : first_logger : PasswordAuth:root	123qaz

2020-07-06 18:11:20,215 : INFO : first_logger : PasswordAuth:root	123qwe

2020-07-06 18:11:20,610 : INFO : first_logger : PasswordAuth:root	1q2w3e

2020-07-06 18:11:21,047 : INFO : first_logger : PasswordAuth:root	1q2w3e4r

2020-07-06 18:11:21,429 : INFO : first_logger : PasswordAuth:root	1qa2ws3ed

2020-07-06 18:11:21,837 : INFO : first_logger : PasswordAuth:root	1qaz2wsx

2020-07-06 18:11:22,247 : INFO : first_logger : PasswordAuth:root	1qaz@WSX

2020-07-06 18:11:22,638 : INFO : first_logger : PasswordAuth:root	654321

2020-07-06 18:11:23,019 : INFO : first_logger : PasswordAuth:root	987654321

2020-07-06 18:11:23,411 : INFO : first_logger : PasswordAuth:root	@#$%^&*!

2020-07-06 18:11:23,911 : INFO : first_logger : PasswordAuth:root	ubnt

2020-07-06 18:11:24,313 : INFO : first_logger : PasswordAuth:root	a

2020-07-06 18:11:24,728 : INFO : first_logger : PasswordAuth:root	abc123

2020-07-06 18:11:25,128 : INFO : first_logger : PasswordAuth:root	abcd1234

2020-07-06 18:11:25,525 : INFO : first_logger : PasswordAuth:root	admin

2020-07-06 18:11:25,978 : INFO : first_logger : PasswordAuth:root	changeme

2020-07-06 18:11:26,398 : INFO : first_logger : PasswordAuth:root	libreelec

2020-07-06 18:11:26,808 : INFO : first_logger : PasswordAuth:root	linux

2020-07-06 18:11:27,239 : INFO : first_logger : PasswordAuth:root	openelec

2020-07-06 18:11:27,647 : INFO : first_logger : PasswordAuth:root	p@ssw0rd

2020-07-06 18:11:28,039 : INFO : first_logger : PasswordAuth:root	secret

2020-07-06 18:11:28,446 : INFO : first_logger : PasswordAuth:root	passw0rd

2020-07-06 18:11:28,839 : INFO : first_logger : PasswordAuth:root	password

2020-07-06 18:11:29,235 : INFO : first_logger : PasswordAuth:root	Password1

2020-07-06 18:11:29,691 : INFO : first_logger : PasswordAuth:root	password123

2020-07-06 18:11:30,110 : INFO : first_logger : PasswordAuth:root	postgres

2020-07-06 18:11:30,608 : INFO : first_logger : PasswordAuth:root	q1w2e3r4

2020-07-06 18:11:30,993 : INFO : first_logger : PasswordAuth:root	qazwsx

2020-07-06 18:11:31,437 : INFO : first_logger : PasswordAuth:root	qwerty

2020-07-06 18:11:31,619 : INFO : first_logger : PasswordAuth:zuu	zuu

2020-07-06 18:11:31,852 : INFO : first_logger : PasswordAuth:root	r00t

2020-07-06 18:11:32,307 : INFO : first_logger : PasswordAuth:root	redhat

2020-07-06 18:11:32,689 : INFO : first_logger : PasswordAuth:root	root

2020-07-06 18:11:33,088 : INFO : first_logger : PasswordAuth:root	root123

2020-07-06 18:11:33,517 : INFO : first_logger : PasswordAuth:root	rootroot

2020-07-06 18:11:33,902 : INFO : first_logger : PasswordAuth:root	server

2020-07-06 18:11:34,297 : INFO : first_logger : PasswordAuth:root	test

2020-07-06 18:11:34,700 : INFO : first_logger : PasswordAuth:root	test123

2020-07-06 18:11:35,185 : INFO : first_logger : PasswordAuth:root	toor

2020-07-06 18:11:35,625 : INFO : first_logger : PasswordAuth:root	vagrant

2020-07-06 18:11:36,043 : INFO : first_logger : PasswordAuth:root	zaq12wsx

2020-07-06 18:11:36,447 : INFO : first_logger : PasswordAuth:support	support

2020-07-06 18:11:36,846 : INFO : first_logger : PasswordAuth:test	123456

2020-07-06 18:11:37,278 : INFO : first_logger : PasswordAuth:test	test

2020-07-06 18:11:37,730 : INFO : first_logger : PasswordAuth:test	test123

2020-07-06 18:11:38,212 : INFO : first_logger : PasswordAuth:ubnt	ubnt

2020-07-06 18:11:38,640 : INFO : first_logger : PasswordAuth:user	user

2020-07-06 18:12:08,665 : INFO : first_logger : PasswordAuth:root	admin

2020-07-06 18:14:08,538 : INFO : first_logger : PasswordAuth:support	support

2020-07-06 18:14:34,481 : INFO : first_logger : PasswordAuth:root	admin

2020-07-06 18:17:01,708 : INFO : first_logger : PasswordAuth:root	admin

2020-07-06 18:20:09,212 : INFO : first_logger : PasswordAuth:root	admin

2020-07-06 18:22:05,373 : INFO : first_logger : PasswordAuth:support	support

2020-07-06 18:24:41,825 : INFO : first_logger : PasswordAuth:root	0101

2020-07-06 18:25:31,585 : INFO : first_logger : PasswordAuth:root	admin

2020-07-06 18:27:05,432 : INFO : first_logger : PasswordAuth:openvpn	password

2020-07-06 18:28:08,522 : INFO : first_logger : PasswordAuth:root	admin

2020-07-06 18:28:40,265 : INFO : first_logger : PasswordAuth:kettle	kettle

2020-07-06 18:31:42,411 : INFO : first_logger : PasswordAuth:root	admin

2020-07-06 18:34:15,166 : INFO : first_logger : PasswordAuth:wanghao	wanghao

2020-07-06 18:36:53,728 : INFO : first_logger : PasswordAuth:root	admin

2020-07-06 18:38:53,205 : INFO : first_logger : PasswordAuth:admin	1234

2020-07-06 18:38:54,214 : INFO : first_logger : PasswordAuth:root	oelinux123

2020-07-06 18:38:55,224 : INFO : first_logger : PasswordAuth:admin	admin

2020-07-06 18:38:56,211 : INFO : first_logger : PasswordAuth:admin	default

2020-07-06 18:38:57,226 : INFO : first_logger : PasswordAuth:admin	password

2020-07-06 18:38:58,227 : INFO : first_logger : PasswordAuth:apache	apache

2020-07-06 18:38:59,231 : INFO : first_logger : PasswordAuth:volumio	volumio

2020-07-06 18:39:00,253 : INFO : first_logger : PasswordAuth:ethos	live

2020-07-06 18:39:01,269 : INFO : first_logger : PasswordAuth:cirros	cubswin:)

2020-07-06 18:39:02,303 : INFO : first_logger : PasswordAuth:cirros	gocubsgo

2020-07-06 18:39:03,312 : INFO : first_logger : PasswordAuth:comcast	1234

2020-07-06 18:39:04,319 : INFO : first_logger : PasswordAuth:default	1q2w3e

2020-07-06 18:39:05,350 : INFO : first_logger : PasswordAuth:guest	guest

2020-07-06 18:39:06,356 : INFO : first_logger : PasswordAuth:nagios	nagios

2020-07-06 18:39:07,355 : INFO : first_logger : PasswordAuth:oracle	oracle

2020-07-06 18:39:08,399 : INFO : first_logger : PasswordAuth:oracle	oracle123

2020-07-06 18:39:09,410 : INFO : first_logger : PasswordAuth:pi	raspberry

2020-07-06 18:39:10,473 : INFO : first_logger : PasswordAuth:postgres	postgres

2020-07-06 18:39:11,488 : INFO : first_logger : PasswordAuth:root	0000

2020-07-06 18:39:12,580 : INFO : first_logger : PasswordAuth:root	1

2020-07-06 18:39:13,637 : INFO : first_logger : PasswordAuth:root	111111

2020-07-06 18:39:14,157 : INFO : first_logger : PasswordAuth:root	admin

2020-07-06 18:39:14,666 : INFO : first_logger : PasswordAuth:root	123

2020-07-06 18:39:15,678 : INFO : first_logger : PasswordAuth:root	123123

2020-07-06 18:39:16,676 : INFO : first_logger : PasswordAuth:root	1234

2020-07-06 18:39:17,691 : INFO : first_logger : PasswordAuth:root	12345

2020-07-06 18:39:18,753 : INFO : first_logger : PasswordAuth:root	123456

2020-07-06 18:39:19,771 : INFO : first_logger : PasswordAuth:root	1234567

2020-07-06 18:39:20,787 : INFO : first_logger : PasswordAuth:root	12345678

2020-07-06 18:39:21,796 : INFO : first_logger : PasswordAuth:root	123456789

2020-07-06 18:39:22,892 : INFO : first_logger : PasswordAuth:root	1234567890

2020-07-06 18:39:23,895 : INFO : first_logger : PasswordAuth:root	123qaz

2020-07-06 18:39:24,910 : INFO : first_logger : PasswordAuth:root	123qwe

2020-07-06 18:39:25,903 : INFO : first_logger : PasswordAuth:root	1q2w3e

2020-07-06 18:39:26,925 : INFO : first_logger : PasswordAuth:root	1q2w3e4r

2020-07-06 18:39:27,902 : INFO : first_logger : PasswordAuth:root	1qa2ws3ed

2020-07-06 18:39:28,944 : INFO : first_logger : PasswordAuth:root	1qaz2wsx

2020-07-06 18:39:29,944 : INFO : first_logger : PasswordAuth:root	1qaz@WSX

2020-07-06 18:39:30,989 : INFO : first_logger : PasswordAuth:root	654321

2020-07-06 18:39:32,109 : INFO : first_logger : PasswordAuth:root	987654321

2020-07-06 18:39:33,131 : INFO : first_logger : PasswordAuth:root	@#$%^&*!

2020-07-06 18:39:34,182 : INFO : first_logger : PasswordAuth:root	ubnt

2020-07-06 18:39:35,193 : INFO : first_logger : PasswordAuth:root	a

2020-07-06 18:39:36,201 : INFO : first_logger : PasswordAuth:root	abc123

2020-07-06 18:39:37,233 : INFO : first_logger : PasswordAuth:root	abcd1234

2020-07-06 18:39:38,238 : INFO : first_logger : PasswordAuth:root	admin

2020-07-06 18:39:39,287 : INFO : first_logger : PasswordAuth:root	changeme

2020-07-06 18:39:40,345 : INFO : first_logger : PasswordAuth:root	libreelec

2020-07-06 18:39:41,357 : INFO : first_logger : PasswordAuth:root	linux

2020-07-06 18:39:42,405 : INFO : first_logger : PasswordAuth:root	openelec

2020-07-06 18:39:43,404 : INFO : first_logger : PasswordAuth:root	p@ssw0rd

2020-07-06 18:39:44,402 : INFO : first_logger : PasswordAuth:root	secret

2020-07-06 18:39:45,399 : INFO : first_logger : PasswordAuth:root	passw0rd

2020-07-06 18:39:46,466 : INFO : first_logger : PasswordAuth:root	password

2020-07-06 18:39:47,498 : INFO : first_logger : PasswordAuth:root	Password1

2020-07-06 18:39:48,493 : INFO : first_logger : PasswordAuth:root	password123

2020-07-06 18:39:49,496 : INFO : first_logger : PasswordAuth:root	postgres

2020-07-06 18:39:50,533 : INFO : first_logger : PasswordAuth:root	q1w2e3r4

2020-07-06 18:39:51,543 : INFO : first_logger : PasswordAuth:root	qazwsx

2020-07-06 18:39:52,542 : INFO : first_logger : PasswordAuth:root	qwerty

2020-07-06 18:39:53,537 : INFO : first_logger : PasswordAuth:root	r00t

2020-07-06 18:39:54,545 : INFO : first_logger : PasswordAuth:root	redhat

2020-07-06 18:39:55,580 : INFO : first_logger : PasswordAuth:root	root

2020-07-06 18:39:56,328 : INFO : first_logger : PasswordAuth:support	support

2020-07-06 18:39:56,583 : INFO : first_logger : PasswordAuth:root	root123

2020-07-06 18:39:57,585 : INFO : first_logger : PasswordAuth:root	rootroot

2020-07-06 18:39:58,565 : INFO : first_logger : PasswordAuth:root	server

2020-07-06 18:39:59,628 : INFO : first_logger : PasswordAuth:root	test

2020-07-06 18:40:00,640 : INFO : first_logger : PasswordAuth:root	test123

2020-07-06 18:40:01,707 : INFO : first_logger : PasswordAuth:root	toor

2020-07-06 18:40:02,725 : INFO : first_logger : PasswordAuth:root	vagrant

2020-07-06 18:40:03,723 : INFO : first_logger : PasswordAuth:root	zaq12wsx

2020-07-06 18:40:04,791 : INFO : first_logger : PasswordAuth:support	support

2020-07-06 18:40:05,787 : INFO : first_logger : PasswordAuth:test	123456

2020-07-06 18:40:06,779 : INFO : first_logger : PasswordAuth:test	test

2020-07-06 18:40:07,773 : INFO : first_logger : PasswordAuth:test	test123

2020-07-06 18:40:08,795 : INFO : first_logger : PasswordAuth:ubnt	ubnt

2020-07-06 18:40:09,799 : INFO : first_logger : PasswordAuth:user	user

2020-07-06 18:42:54,952 : INFO : first_logger : PasswordAuth:root	admin

2020-07-06 18:46:36,830 : INFO : first_logger : PasswordAuth:root	admin

2020-07-06 18:51:28,509 : INFO : first_logger : PasswordAuth:root	admin

2020-07-06 18:54:55,375 : INFO : first_logger : PasswordAuth:root	admin

2020-07-06 18:55:44,577 : INFO : first_logger : PasswordAuth:root	admin

2020-07-06 18:58:35,910 : INFO : first_logger : PasswordAuth:root	admin

2020-07-06 19:02:08,439 : INFO : first_logger : PasswordAuth:root	admin

2020-07-06 19:02:57,820 : INFO : first_logger : PasswordAuth:root	admin

2020-07-06 19:05:09,333 : INFO : first_logger : PasswordAuth:root	admin

2020-07-06 19:05:12,413 : INFO : first_logger : PasswordAuth:common	common@123

2020-07-06 19:06:06,794 : INFO : first_logger : PasswordAuth:mazvita	mazvita

2020-07-06 19:08:14,431 : INFO : first_logger : PasswordAuth:shobhit	shobhit

2020-07-06 19:10:57,084 : INFO : first_logger : PasswordAuth:root	admin

2020-07-06 19:11:22,454 : INFO : first_logger : PasswordAuth:server1	123456

2020-07-06 19:11:38,857 : INFO : first_logger : PasswordAuth:nib	nib123

2020-07-06 19:13:44,939 : INFO : first_logger : PasswordAuth:asw	asw

2020-07-06 19:14:08,479 : INFO : first_logger : PasswordAuth:root	admin

2020-07-06 19:15:51,049 : INFO : first_logger : PasswordAuth:root	123@qq.com

2020-07-06 19:16:09,160 : INFO : first_logger : PasswordAuth:root	#admin#

2020-07-06 19:16:36,441 : INFO : first_logger : PasswordAuth:hek	hek

2020-07-06 19:17:15,236 : INFO : first_logger : PasswordAuth:xwj	xwj

2020-07-06 19:17:38,911 : INFO : first_logger : PasswordAuth:root	admin

2020-07-06 19:21:43,516 : INFO : first_logger : PasswordAuth:root	admin

2020-07-06 19:22:15,642 : INFO : first_logger : PasswordAuth:test	q1

2020-07-06 19:22:38,357 : INFO : first_logger : PasswordAuth:test	12341234

2020-07-06 19:24:18,871 : INFO : first_logger : PasswordAuth:test	test4321

2020-07-06 19:24:58,191 : INFO : first_logger : PasswordAuth:root	admin

2020-07-06 19:25:08,589 : INFO : first_logger : PasswordAuth:rashid	rashid

2020-07-06 19:26:12,808 : INFO : first_logger : PasswordAuth:oper	password

2020-07-06 19:28:29,946 : INFO : first_logger : PasswordAuth:root	admin

2020-07-06 19:30:47,583 : INFO : first_logger : PasswordAuth:radius	radius123

2020-07-06 19:31:11,938 : INFO : first_logger : PasswordAuth:support	support

2020-07-06 19:32:50,842 : INFO : first_logger : PasswordAuth:root	admin

2020-07-06 19:35:08,105 : INFO : first_logger : PasswordAuth:dev	1234567890

2020-07-06 19:35:08,543 : INFO : first_logger : PasswordAuth:root	admin

2020-07-06 19:36:00,001 : INFO : first_logger : PasswordAuth:xny	xny

2020-07-06 19:38:44,755 : INFO : first_logger : PasswordAuth:support	support

2020-07-06 19:39:13,559 : INFO : first_logger : PasswordAuth:root	admin

2020-07-06 19:39:43,265 : INFO : first_logger : PasswordAuth:tanvir	tanvir123

2020-07-06 19:40:05,172 : INFO : first_logger : PasswordAuth:tareq	tareq

2020-07-06 19:40:49,990 : INFO : first_logger : PasswordAuth:hxz	123456

2020-07-06 19:42:32,526 : INFO : first_logger : PasswordAuth:root	654321a..

2020-07-06 19:42:56,385 : INFO : first_logger : PasswordAuth:mysql	qazwsx123

2020-07-06 19:43:37,985 : INFO : first_logger : PasswordAuth:root	admin

2020-07-06 19:43:38,830 : INFO : first_logger : PasswordAuth:root	admin

2020-07-06 19:45:32,779 : INFO : first_logger : PasswordAuth:rm	rm

2020-07-06 19:47:18,439 : INFO : first_logger : PasswordAuth:root	admin

2020-07-06 19:50:25,720 : INFO : first_logger : PasswordAuth:projects	projects

2020-07-06 19:50:35,444 : INFO : first_logger : PasswordAuth:root	admin

2020-07-06 19:53:51,904 : INFO : first_logger : PasswordAuth:zkh	zkh

2020-07-06 19:55:20,184 : INFO : first_logger : PasswordAuth:root	admin

2020-07-06 19:58:22,484 : INFO : first_logger : PasswordAuth:root	admin

2020-07-07 05:29:48,818 : INFO : first_logger : PasswordAuth:root	admin

2020-07-07 05:32:12,671 : INFO : first_logger : PasswordAuth:asp	asp

2020-07-07 05:36:11,247 : INFO : first_logger : PasswordAuth:root	admin

2020-07-07 05:36:44,320 : INFO : first_logger : PasswordAuth:root	21vianet.com

2020-07-07 05:37:20,289 : INFO : first_logger : PasswordAuth:root	4321$#@!

2020-07-07 05:38:28,585 : INFO : first_logger : PasswordAuth:elasticsearch	elasticsearch@123

2020-07-07 05:41:28,063 : INFO : first_logger : PasswordAuth:root	hoang123

2020-07-07 05:41:57,154 : INFO : first_logger : PasswordAuth:root	admin

2020-07-07 05:42:08,580 : INFO : first_logger : PasswordAuth:root	admin

2020-07-07 05:42:26,692 : INFO : first_logger : PasswordAuth:root	Passwort!

2020-07-07 05:46:53,209 : INFO : first_logger : PasswordAuth:support	support

2020-07-07 05:48:52,027 : INFO : first_logger : PasswordAuth:root	123QWEASDzxc

2020-07-07 05:49:09,033 : INFO : first_logger : PasswordAuth:booster	booster

2020-07-07 05:51:54,981 : INFO : first_logger : PasswordAuth:admin	admin

2020-07-07 05:51:58,451 : INFO : first_logger : PasswordAuth:admin	

2020-07-07 05:52:00,652 : INFO : first_logger : PasswordAuth:user	user

2020-07-07 05:52:03,617 : INFO : first_logger : PasswordAuth:admin	password

2020-07-07 05:52:07,187 : INFO : first_logger : PasswordAuth:root	1234

2020-07-07 05:52:09,043 : INFO : first_logger : PasswordAuth:operator	operator

2020-07-07 05:52:11,047 : INFO : first_logger : PasswordAuth:test	test

2020-07-07 05:52:12,764 : INFO : first_logger : PasswordAuth:root	root

2020-07-07 05:52:14,986 : INFO : first_logger : PasswordAuth:guest	guest

2020-07-07 05:52:17,234 : INFO : first_logger : PasswordAuth:ubnt	ubnt

2020-07-07 05:52:18,588 : INFO : first_logger : PasswordAuth:admin	naga2018

2020-07-07 05:52:20,721 : INFO : first_logger : PasswordAuth:guest	

2020-07-07 05:52:23,263 : INFO : first_logger : PasswordAuth:support	support

2020-07-07 05:52:38,396 : INFO : first_logger : PasswordAuth:support	support

2020-07-07 05:55:41,291 : INFO : first_logger : PasswordAuth:root	admin

2020-07-07 05:56:05,887 : INFO : first_logger : PasswordAuth:root	admin

2020-07-07 06:07:18,218 : INFO : first_logger : PasswordAuth:root	admin

2020-07-07 06:10:21,795 : INFO : first_logger : PasswordAuth:logsearch	logsearch

2020-07-07 06:16:14,631 : INFO : first_logger : PasswordAuth:support	support

2020-07-07 06:18:02,809 : INFO : first_logger : PasswordAuth:root	admin

2020-07-07 06:19:42,259 : INFO : first_logger : PasswordAuth:root	admin

2020-07-07 08:24:21,992 : INFO : first_logger : PasswordAuth:root	admin

2020-07-07 08:28:49,371 : INFO : first_logger : PasswordAuth:postgres	welcome

2020-07-07 08:31:48,473 : INFO : first_logger : PasswordAuth:sinusbot	1234

2020-07-07 08:33:08,644 : INFO : first_logger : PasswordAuth:admin	superman

2020-07-07 08:34:24,633 : INFO : first_logger : PasswordAuth:root	toor

2020-07-07 08:34:56,957 : INFO : first_logger : PasswordAuth:root	31217221027711

2020-07-07 08:36:57,460 : INFO : first_logger : PasswordAuth:root	admin

2020-07-07 08:39:57,330 : INFO : first_logger : PasswordAuth:root	Abcd1234!@#$

2020-07-07 08:40:58,608 : INFO : first_logger : PasswordAuth:zhangrd	zhangrd

2020-07-07 08:45:33,486 : INFO : first_logger : PasswordAuth:notes	notes

2020-07-07 08:48:02,432 : INFO : first_logger : PasswordAuth:root	admin

2020-07-07 08:52:35,328 : INFO : first_logger : PasswordAuth:sahil	sahil@123

2020-07-07 08:55:17,957 : INFO : first_logger : PasswordAuth:root	wangjian

